Using pre-set license
Built from '2020.3/release' branch; Version is '2020.3.1f1 (77a89f25062f) revision 7841951'; Using compiler version '192528614'; Build Type 'Release'
OS: 'Windows 10 Pro; OS build 19041.867; Version 2004; 64bit' Language: 'ru' Physical Memory: 16315 MB
BatchMode: 1, IsHumanControllingUs: 0, StartBugReporterOnCrash: 0, Is64bit: 1, IsPro: 0

 COMMAND LINE ARGUMENTS:
C:\Program Files\Unity\Hub\Editor\2020.3.1f1\Editor\Unity.exe
-adb2
-batchMode
-noUpm
-name
AssetImportWorker0
-projectPath
C:/Users/llogv/OneDrive/Рабочий стол/MotorcycleRunner/MotorcycleRunner
-logFile
Logs/AssetImportWorker0.log
-srvPort
53249
Successfully changed project path to: C:/Users/llogv/OneDrive/Рабочий стол/MotorcycleRunner/MotorcycleRunner
C:/Users/llogv/OneDrive/Рабочий стол/MotorcycleRunner/MotorcycleRunner
Using Asset Import Pipeline V2.
Refreshing native plugins compatible for Editor in 38.54 ms, found 1 plugins.
Preloading 0 native plugins for Editor in 0.00 ms.
Initialize engine version: 2020.3.1f1 (77a89f25062f)
[Subsystems] Discovering subsystems at path C:/Program Files/Unity/Hub/Editor/2020.3.1f1/Editor/Data/Resources/UnitySubsystems
[Subsystems] Discovering subsystems at path C:/Users/llogv/OneDrive/Рабочий стол/MotorcycleRunner/MotorcycleRunner/Assets
GfxDevice: creating device client; threaded=0
Direct3D:
    Version:  Direct3D 11.0 [level 11.1]
    Renderer: NVIDIA GeForce GTX 1660 SUPER (ID=0x21c4)
    Vendor:   
    VRAM:     5991 MB
    Driver:   27.21.14.6192
Initialize mono
Mono path[0] = 'C:/Program Files/Unity/Hub/Editor/2020.3.1f1/Editor/Data/Managed'
Mono path[1] = 'C:/Program Files/Unity/Hub/Editor/2020.3.1f1/Editor/Data/MonoBleedingEdge/lib/mono/unityjit'
Mono config path = 'C:/Program Files/Unity/Hub/Editor/2020.3.1f1/Editor/Data/MonoBleedingEdge/etc'
Using monoOptions --debugger-agent=transport=dt_socket,embedding=1,server=y,suspend=n,address=127.0.0.1:56356
Begin MonoManager ReloadAssembly
Registering precompiled unity dll's ...
Register platform support module: C:/Program Files/Unity/Hub/Editor/2020.3.1f1/Editor/Data/PlaybackEngines/WebGLSupport/UnityEditor.WebGL.Extensions.dll
Register platform support module: C:/Program Files/Unity/Hub/Editor/2020.3.1f1/Editor/Data/PlaybackEngines/WindowsStandaloneSupport/UnityEditor.WindowsStandalone.Extensions.dll
Registered in 0.001860 seconds.
Native extension for WindowsStandalone target not found
Native extension for WebGL target not found
Refreshing native plugins compatible for Editor in 33.99 ms, found 1 plugins.
Preloading 0 native plugins for Editor in 0.00 ms.
Invoked RoslynAnalysisRunner static constructor.
RoslynAnalysisRunner will not be running.
RoslynAnalysisRunner has terminated.
Mono: successfully reloaded assembly
- Completed reload, in  1.580 seconds
Platform modules already initialized, skipping
Registering precompiled user dll's ...
Registered in 0.000727 seconds.
Begin MonoManager ReloadAssembly
Native extension for WindowsStandalone target not found
Native extension for WebGL target not found
Refreshing native plugins compatible for Editor in 34.44 ms, found 1 plugins.
Preloading 0 native plugins for Editor in 0.00 ms.
Invoked RoslynAnalysisRunner static constructor.
RoslynAnalysisRunner will not be running.
RoslynAnalysisRunner has terminated.
Mono: successfully reloaded assembly
- Completed reload, in  0.803 seconds
Platform modules already initialized, skipping
========================================================================
Worker process is ready to serve import requests
Launched and connected shader compiler UnityShaderCompiler.exe after 0.03 seconds
Refreshing native plugins compatible for Editor in 0.51 ms, found 1 plugins.
Preloading 0 native plugins for Editor in 0.00 ms.
Unloading 1835 Unused Serialized files (Serialized files now loaded: 0)
System memory in use before: 87.3 MB.
System memory in use after: 87.4 MB.

Unloading 19 unused Assets to reduce memory usage. Loaded Objects now: 2283.
Total: 1.826100 ms (FindLiveObjects: 0.154600 ms CreateObjectMapping: 0.058500 ms MarkObjects: 1.548400 ms  DeleteObjects: 0.063900 ms)

========================================================================
Received Import Request.
  path: Assets/Animations/CatAnimations/Cat 1.controller
  artifactKey: Guid(108ca7c94b0516b47941b399b116625e) Importer(815301076,1909f56bfc062723c751e8b465ee728b)
Start importing Assets/Animations/CatAnimations/Cat 1.controller using Guid(108ca7c94b0516b47941b399b116625e) Importer(815301076,1909f56bfc062723c751e8b465ee728b)  -> (artifact id: 'ba3dca7da37e3f0e56cc551493cbdef7') in 0.023491 seconds
  Import took 0.026027 seconds .

========================================================================
Received Import Request.
  Time since last request: 0.000214 seconds.
  path: Assets/Animations/CatAnimations/CatFaceAnimation.anim
  artifactKey: Guid(1d1d8769fe2f84b47b081f404aeca102) Importer(815301076,1909f56bfc062723c751e8b465ee728b)
Start importing Assets/Animations/CatAnimations/CatFaceAnimation.anim using Guid(1d1d8769fe2f84b47b081f404aeca102) Importer(815301076,1909f56bfc062723c751e8b465ee728b)  -> (artifact id: '4f47999eea22dcc68c8ade027cb1201d') in 0.006666 seconds
  Import took 0.009352 seconds .

========================================================================
Received Import Request.
  Time since last request: 0.776030 seconds.
  path: Assets/Animations/CatAnimations/CatSideAnimation.anim
  artifactKey: Guid(26658e0b640a4bc47838fc510d5c19be) Importer(815301076,1909f56bfc062723c751e8b465ee728b)
Start importing Assets/Animations/CatAnimations/CatSideAnimation.anim using Guid(26658e0b640a4bc47838fc510d5c19be) Importer(815301076,1909f56bfc062723c751e8b465ee728b)  -> (artifact id: 'c481880a3fa1fc47dbf85fecb2e83fcc') in 0.006509 seconds
  Import took 0.009214 seconds .

========================================================================
Received Import Request.
  Time since last request: 0.000789 seconds.
  path: Assets/Animations/CatAnimations/CatSideAnimation.anim
  artifactKey: Guid(26658e0b640a4bc47838fc510d5c19be) Importer(815301076,1909f56bfc062723c751e8b465ee728b)
Start importing Assets/Animations/CatAnimations/CatSideAnimation.anim using Guid(26658e0b640a4bc47838fc510d5c19be) Importer(815301076,1909f56bfc062723c751e8b465ee728b)  -> (artifact id: 'c481880a3fa1fc47dbf85fecb2e83fcc') in 0.002226 seconds
  Import took 0.005300 seconds .

========================================================================
Received Import Request.
  Time since last request: 6.816708 seconds.
  path: Assets/Animations/CatAnimations/Cat.controller
  artifactKey: Guid(2ebde7f4fa24ba9499df6742d2eb8a85) Importer(815301076,1909f56bfc062723c751e8b465ee728b)
Start importing Assets/Animations/CatAnimations/Cat.controller using Guid(2ebde7f4fa24ba9499df6742d2eb8a85) Importer(815301076,1909f56bfc062723c751e8b465ee728b)  -> (artifact id: 'f848b2c9998b2cd6ae06f67504a646f8') in 0.002683 seconds
  Import took 0.006487 seconds .

========================================================================
Received Import Request.
  Time since last request: 24.400709 seconds.
  path: Assets/Animations/GrannyAnimations/Granny 1.controller
  artifactKey: Guid(b4aebab0f3108b047aea7eb9ec09dad8) Importer(815301076,1909f56bfc062723c751e8b465ee728b)
Start importing Assets/Animations/GrannyAnimations/Granny 1.controller using Guid(b4aebab0f3108b047aea7eb9ec09dad8) Importer(815301076,1909f56bfc062723c751e8b465ee728b)  -> (artifact id: '67ba2472806db179c44f9ee6114c4195') in 0.002437 seconds
  Import took 0.004952 seconds .

========================================================================
Received Import Request.
  Time since last request: 0.000428 seconds.
  path: Assets/Animations/GrannyAnimations/Granny 1.controller
  artifactKey: Guid(b4aebab0f3108b047aea7eb9ec09dad8) Importer(815301076,1909f56bfc062723c751e8b465ee728b)
Start importing Assets/Animations/GrannyAnimations/Granny 1.controller using Guid(b4aebab0f3108b047aea7eb9ec09dad8) Importer(815301076,1909f56bfc062723c751e8b465ee728b)  -> (artifact id: '67ba2472806db179c44f9ee6114c4195') in 0.002191 seconds
  Import took 0.004710 seconds .

========================================================================
Received Import Request.
  Time since last request: 17.955664 seconds.
  path: Assets/Animations/GrannyAnimations/Granny.controller
  artifactKey: Guid(bdbb79562eb4589498594370b8b0499d) Importer(815301076,1909f56bfc062723c751e8b465ee728b)
Start importing Assets/Animations/GrannyAnimations/Granny.controller using Guid(bdbb79562eb4589498594370b8b0499d) Importer(815301076,1909f56bfc062723c751e8b465ee728b)  -> (artifact id: 'b22c4c1124dd755904ff3b04d5f6c894') in 0.002459 seconds
  Import took 0.005324 seconds .

========================================================================
Received Import Request.
  Time since last request: 0.000745 seconds.
  path: Assets/Animations/GrannyAnimations/Granny.controller
  artifactKey: Guid(bdbb79562eb4589498594370b8b0499d) Importer(815301076,1909f56bfc062723c751e8b465ee728b)
Start importing Assets/Animations/GrannyAnimations/Granny.controller using Guid(bdbb79562eb4589498594370b8b0499d) Importer(815301076,1909f56bfc062723c751e8b465ee728b)  -> (artifact id: 'b22c4c1124dd755904ff3b04d5f6c894') in 0.002188 seconds
  Import took 0.004680 seconds .

========================================================================
Received Prepare
Registering precompiled user dll's ...
Registered in 0.000733 seconds.
Begin MonoManager ReloadAssembly
Native extension for WindowsStandalone target not found
Native extension for WebGL target not found
Refreshing native plugins compatible for Editor in 0.32 ms, found 1 plugins.
Preloading 0 native plugins for Editor in 0.00 ms.
Invoked RoslynAnalysisRunner static constructor.
RoslynAnalysisRunner will not be running.
RoslynAnalysisRunner has terminated.
Mono: successfully reloaded assembly
- Completed reload, in  0.734 seconds
Platform modules already initialized, skipping
Switching build target platform(5) subTarget(0) extendedPlatform(0) -> platform(13) subTarget(537395200) extendedPlatform(0)
Refreshing native plugins compatible for Editor in 0.40 ms, found 1 plugins.
Preloading 0 native plugins for Editor in 0.00 ms.
Unloading 1815 Unused Serialized files (Serialized files now loaded: 0)
System memory in use before: 85.9 MB.
System memory in use after: 86.0 MB.

Unloading 7 unused Assets to reduce memory usage. Loaded Objects now: 2287.
Total: 1.632200 ms (FindLiveObjects: 0.199400 ms CreateObjectMapping: 0.060800 ms MarkObjects: 1.360900 ms  DeleteObjects: 0.010400 ms)

AssetImportParameters requested are different than current active one (requested -> active):
  custom:graphics/normal-map-encoding: 01000000000000000000000000000000 -> 02000000000000000000000000000000
AssetImportWorkerClient::OnTransportError - code=2 error=End of file
